\BOOKMARK [0][-]{chapter.1}{\376\377\000P\000r\000o\000b\000l\000e\000m\000\040\000A\000n\000a\000l\000i\000z\000y\000\040\000D\000a\000n\000y\000c\000h}{}% 1
\BOOKMARK [1][-]{section.1.1}{\376\377\000A\000n\000a\000l\000i\000z\000a\000\040\000D\000a\000n\000y\000c\000h}{chapter.1}% 2
\BOOKMARK [2][-]{subsection.1.1.1}{\376\377\000P\000o\000z\000y\000s\000k\000i\000w\000a\000n\000i\000e\000:\000\040\000g\000r\000o\000m\000a\000d\000z\000e\000n\000i\000e\000\040\000d\000a\000n\000y\000c\000h}{section.1.1}% 3
\BOOKMARK [2][-]{subsection.1.1.2}{\376\377\000P\000r\000z\000y\000g\000o\000t\000o\000w\000a\000n\000i\000e\000:\000\040\000p\000r\000z\000e\000t\000w\000a\000r\000z\000a\000n\000i\000e\000\040\000d\000a\000n\000y\000c\000h}{section.1.1}% 4
\BOOKMARK [2][-]{subsection.1.1.3}{\376\377\000A\000n\000a\000l\000i\000z\000a\000:\000\040\000m\000o\000d\000e\000l\000o\000w\000a\000n\000i\000e\000\040\000d\000a\000n\000y\000c\000h}{section.1.1}% 5
\BOOKMARK [2][-]{subsection.1.1.4}{\376\377\000D\000z\000i\000a\001\102\000a\000n\000i\000e\000:\000\040\000p\000o\000d\000e\000j\000m\000o\000w\000a\000n\000i\000e\000\040\000d\000e\000c\000y\000z\000j\000i}{section.1.1}% 6
\BOOKMARK [1][-]{section.1.2}{\376\377\000J\000a\000k\000o\001\133\001\007\000\040\000D\000a\000n\000y\000c\000h}{chapter.1}% 7
\BOOKMARK [1][-]{section.1.3}{\376\377\000P\000r\000o\000b\000l\000e\000m\000y\000\040\000z\000\040\000D\000a\000n\000y\000m\000i}{chapter.1}% 8
\BOOKMARK [2][-]{subsection.1.3.1}{\376\377\000B\000r\000a\000k\000u\000j\001\005\000c\000e\000\040\000w\000a\000r\000t\000o\001\133\000c\000i}{section.1.3}% 9
\BOOKMARK [2][-]{subsection.1.3.2}{\376\377\000W\000a\000r\000t\000o\001\133\000c\000i\000\040\000o\000d\000s\000t\000a\000j\001\005\000c\000e}{section.1.3}% 10
\BOOKMARK [2][-]{subsection.1.3.3}{\376\377\000K\000o\000l\000u\000m\000n\000y\000\040\000k\000a\000t\000e\000g\000o\000r\000y\000c\000z\000n\000e}{section.1.3}% 11
\BOOKMARK [1][-]{section.1.4}{\376\377\000C\000e\000l\000\040\000p\000r\000a\000c\000y}{chapter.1}% 12
\BOOKMARK [0][-]{chapter.2}{\376\377\000M\000e\000t\000o\000d\000y\000\040\000P\000r\000z\000y\000g\000o\000t\000o\000w\000a\000n\000i\000a\000\040\000D\000a\000n\000y\000c\000h}{}% 13
\BOOKMARK [1][-]{section.2.1}{\376\377\000U\000z\000u\000p\000e\001\102\000n\000i\000a\000n\000i\000e\000\040\000b\000r\000a\000k\000u\000j\001\005\000c\000y\000c\000h\000\040\000w\000a\000r\000t\000o\001\133\000c\000i}{chapter.2}% 14
\BOOKMARK [1][-]{section.2.2}{\376\377\000W\000y\000k\000r\000y\000w\000a\000n\000i\000e\000\040\000w\000a\000r\000t\000o\001\133\000c\000i\000\040\000o\000d\000s\000t\000a\000j\001\005\000c\000y\000c\000h}{chapter.2}% 15
\BOOKMARK [1][-]{section.2.3}{\376\377\000K\000o\000d\000o\000w\000a\000n\000i\000e\000\040\000w\000a\000r\000t\000o\001\133\000c\000i\000\040\000k\000a\000t\000e\000g\000o\000r\000y\000c\000z\000n\000y\000c\000h}{chapter.2}% 16
\BOOKMARK [1][-]{section.2.4}{\376\377\000S\000t\000a\000n\000d\000a\000r\000y\000z\000a\000c\000j\000a}{chapter.2}% 17
\BOOKMARK [0][-]{chapter.3}{\376\377\001\132\000r\000o\000d\000o\000w\000i\000s\000k\000o\000\040\000w\000y\000k\000o\000n\000a\000w\000c\000z\000e}{}% 18
\BOOKMARK [1][-]{section.3.1}{\376\377\000S\000p\000e\000c\000y\000f\000i\000k\000a\000c\000j\000a\000\040\000s\000p\000r\000z\000e\000t\000o\000w\000a\000,\000\040\000s\000y\000s\000t\000e\000m\000\040\000i\000\040\001\133\000r\000o\000d\000o\000w\000i\000s\000k\000o}{chapter.3}% 19
\BOOKMARK [1][-]{section.3.2}{\376\377\000Z\000b\000i\000o\000r\000y\000\040\000d\000a\000n\000y\000c\000h}{chapter.3}% 20
\BOOKMARK [2][-]{subsection.3.2.1}{\376\377\000L\000e\000a\000g\000u\000e\000\040\000o\000f\000\040\000L\000e\000g\000e\000n\000d\000s\000\040\000s\000t\000a\000t\000s}{section.3.2}% 21
\BOOKMARK [2][-]{subsection.3.2.2}{\376\377\000A\000u\000s\000t\000r\000a\000l\000i\000a\000n\000\040\000R\000a\000i\000n\000\040\000F\000o\000r\000e\000c\000a\000s\000t}{section.3.2}% 22
\BOOKMARK [2][-]{subsection.3.2.3}{\376\377\000T\000i\000t\000a\000n\000i\000c\000\040\000S\000u\000r\000v\000i\000v\000a\000l}{section.3.2}% 23
\BOOKMARK [1][-]{section.3.3}{\376\377\000P\000r\000z\000y\000g\000o\000t\000o\000w\000a\000n\000i\000e\000\040\000d\000a\000n\000y\000c\000h\000\040\000d\000o\000\040\000e\000k\000s\000p\000e\000r\000y\000m\000e\000n\000t\000\363\000w}{chapter.3}% 24
\BOOKMARK [0][-]{chapter.4}{\376\377\000W\000y\000k\000o\000n\000a\000n\000e\000\040\000E\000k\000s\000p\000e\000r\000y\000m\000e\000n\000t\000y}{}% 25
\BOOKMARK [1][-]{section.4.1}{\376\377\000U\001\174\000y\000t\000e\000\040\000k\000l\000a\000s\000y\000f\000i\000k\000a\000t\000o\000r\000y}{chapter.4}% 26
\BOOKMARK [2][-]{subsection.4.1.1}{\376\377\000x\000g\000B\000o\000o\000s\000t}{section.4.1}% 27
\BOOKMARK [2][-]{subsection.4.1.2}{\376\377\000R\000a\000n\000d\000o\000m\000F\000o\000r\000e\000s\000t\000C\000l\000a\000s\000s\000i\000f\000i\000e\000r}{section.4.1}% 28
\BOOKMARK [2][-]{subsection.4.1.3}{\376\377\000k\000n\000n}{section.4.1}% 29
\BOOKMARK [1][-]{section.4.2}{\376\377\000B\000r\000a\000k\000\040\000P\000r\000e\000p\000r\000o\000c\000e\000s\000s\000i\000n\000g\000u}{chapter.4}% 30
\BOOKMARK [1][-]{section.4.3}{\376\377\000W\000y\000p\000e\001\102\000e\000n\000i\000n\000i\000e\000\040\000b\000r\000a\000k\000u\000j\001\005\000c\000y\000c\000h\000\040\000w\000a\000r\000t\000o\001\133\000c\000i\000\040\001\133\000r\000e\000d\000n\000i\001\005}{chapter.4}% 31
\BOOKMARK [1][-]{section.4.4}{\376\377\000W\000y\000p\000e\001\102\000e\000n\000i\000n\000i\000e\000\040\000b\000r\000a\000k\000u\000j\001\005\000c\000y\000c\000h\000\040\000w\000a\000r\000t\000o\001\133\000c\000i\000\040\000m\000i\000n\000i\000m\000u\000m}{chapter.4}% 32
\BOOKMARK [1][-]{section.4.5}{\376\377\000W\000y\000p\000e\001\102\000e\000n\000i\000n\000i\000e\000\040\000b\000r\000a\000k\000u\000j\001\005\000c\000y\000c\000h\000\040\000w\000a\000r\000t\000o\001\133\000c\000i\000\040\000m\000a\000k\000s\000i\000m\000u\000m}{chapter.4}% 33
\BOOKMARK [1][-]{section.4.6}{\376\377\000W\000y\000p\000e\001\102\000e\000n\000i\000n\000i\000e\000\040\000b\000r\000a\000k\000u\000j\001\005\000c\000y\000c\000h\000\040\000w\000a\000r\000t\000o\001\133\000c\000i\000\040\000z\000a\000\040\000p\000o\000m\000o\000c\001\005\000\040\000r\000e\000g\000r\000e\000s\000j\000i\000\040\000l\000i\000n\000i\000o\000w\000e\000j}{chapter.4}% 34
\BOOKMARK [1][-]{section.4.7}{\376\377\000S\000t\000a\000n\000d\000a\000r\000y\000z\000a\000c\000j\000a}{chapter.4}% 35
\BOOKMARK [1][-]{section.4.8}{\376\377\000S\000t\000a\000n\000d\000a\000r\000y\000z\000a\000c\000j\000a\000\040\000o\000r\000a\000z\000\040\000s\000k\000a\000l\000o\000w\000a\000n\000i\000e\000\040\000d\000o\000\040\000p\000r\000z\000e\000d\000z\000i\000a\001\102\000u\000\040\000\050\0000\000,\0001\000\051}{chapter.4}% 36
\BOOKMARK [1][-]{section.4.9}{\376\377\000S\000k\000a\000l\000o\000w\000a\000n\000i\000e\000\040\000d\000o\000\040\000p\000r\000z\000e\000d\000z\000i\000a\001\102\000u\000\040\000\050\0000\000,\0001\000\051\000\040\000o\000r\000a\000z\000\040\000u\000s\000u\000n\000i\001\031\000c\000i\000e\000\040\000w\000a\000r\000t\000o\001\133\000c\000i\000\040\000o\000d\000s\000t\000a\000j\001\005\000c\000y\000c\000h}{chapter.4}% 37
\BOOKMARK [1][-]{section.4.10}{\376\377\000K\000o\000d\000o\000w\000a\000n\000i\000e\000\040\000w\000a\000r\000t\000o\001\133\000c\000i\000\040\000k\000a\000t\000e\000g\000o\000r\000y\000c\000z\000n\000y\000c\000h}{chapter.4}% 38
\BOOKMARK [1][-]{section.4.11}{\376\377\000K\000o\000d\000o\000w\000a\000n\000i\000e\000\040\000w\000a\000r\000t\000o\001\133\000c\000i\000\040\000k\000a\000t\000e\000g\000o\000r\000y\000c\000z\000n\000y\000c\000h\000\040\000o\000r\000a\000z\000\040\000w\000y\000p\000e\001\102\000n\000i\000e\000n\000i\000e\000\040\000b\000r\000a\000k\000u\000j\001\005\000c\000y\000c\000h\000\040\000w\000a\000r\000t\000o\001\133\000c\000i\000\040\001\133\000r\000e\000d\000n\000i\001\005}{chapter.4}% 39
\BOOKMARK [1][-]{section.4.12}{\376\377\000S\000c\000e\000n\000a\000r\000i\000u\000s\000z\000\040\000i\000n\000d\000y\000w\000i\000d\000u\000a\000l\000n\000e\000g\000o\000\040\000p\000o\000d\000e\000j\001\133\000c\000i\000a\000\040\000d\000o\000\040\000z\000b\000i\000o\000r\000u\000\040\000d\000a\000n\000y\000c\000h}{chapter.4}% 40
\BOOKMARK [2][-]{subsection.4.12.1}{\376\377\000L\000e\000a\000g\000u\000e\000\040\000o\000f\000\040\000L\000e\000g\000e\000n\000d\000s\000\040\000s\000t\000a\000t\000s}{section.4.12}% 41
\BOOKMARK [2][-]{subsection.4.12.2}{\376\377\000A\000u\000s\000t\000r\000a\000l\000i\000a\000n\000\040\000R\000a\000i\000n\000\040\000F\000o\000r\000e\000c\000a\000s\000t}{section.4.12}% 42
\BOOKMARK [2][-]{subsection.4.12.3}{\376\377\000T\000i\000t\000a\000n\000i\000c\000\040\000S\000u\000r\000v\000i\000v\000a\000l}{section.4.12}% 43
\BOOKMARK [0][-]{chapter.5}{\376\377\000W\000y\000n\000i\000k\000i\000\040\000E\000k\000s\000p\000e\000r\000y\000m\000e\000n\000t\000\363\000w}{}% 44
\BOOKMARK [1][-]{section.5.1}{\376\377\000L\000e\000a\000g\000u\000e\000\040\000o\000f\000\040\000L\000e\000g\000e\000n\000d\000s\000\040\000s\000t\000a\000t\000s}{chapter.5}% 45
\BOOKMARK [2][-]{subsection.5.1.1}{\376\377\000W\000y\000p\000e\001\102\000n\000i\000e\000n\000i\000e\000\040\000b\000r\000a\000k\000u\000j\001\005\000c\000y\000c\000h\000\040\000w\000a\000r\000t\000o\001\133\000c\000i}{section.5.1}% 46
\BOOKMARK [2][-]{subsection.5.1.2}{\376\377\000S\000t\000a\000n\000d\000a\000r\000y\000z\000a\000c\000j\000a}{section.5.1}% 47
\BOOKMARK [2][-]{subsection.5.1.3}{\376\377\000K\000o\000d\000o\000w\000a\000n\000i\000e}{section.5.1}% 48
\BOOKMARK [2][-]{subsection.5.1.4}{\376\377\000I\000n\000d\000y\000w\000i\000d\000u\000a\000l\000n\000e\000\040\000p\000o\000d\000e\000j\001\133\000c\000i\000e}{section.5.1}% 49
\BOOKMARK [1][-]{section.5.2}{\376\377\000A\000u\000s\000t\000r\000a\000l\000i\000a\000n\000\040\000R\000a\000i\000n\000\040\000F\000o\000r\000e\000c\000a\000s\000t}{chapter.5}% 50
\BOOKMARK [2][-]{subsection.5.2.1}{\376\377\000W\000y\000p\000e\001\102\000n\000i\000e\000n\000i\000e\000\040\000b\000r\000a\000k\000u\000j\001\005\000c\000y\000c\000h\000\040\000w\000a\000r\000t\000o\001\133\000c\000i}{section.5.2}% 51
\BOOKMARK [2][-]{subsection.5.2.2}{\376\377\000S\000t\000a\000n\000d\000a\000r\000y\000z\000a\000c\000j\000a}{section.5.2}% 52
\BOOKMARK [2][-]{subsection.5.2.3}{\376\377\000K\000o\000d\000o\000w\000a\000n\000i\000e}{section.5.2}% 53
\BOOKMARK [2][-]{subsection.5.2.4}{\376\377\000I\000n\000d\000y\000w\000i\000d\000u\000a\000l\000n\000e\000\040\000p\000o\000d\000e\000j\001\133\000c\000i\000e}{section.5.2}% 54
\BOOKMARK [1][-]{section.5.3}{\376\377\000T\000i\000t\000a\000n\000i\000c\000\040\000S\000u\000r\000v\000i\000v\000a\000l}{chapter.5}% 55
\BOOKMARK [2][-]{subsection.5.3.1}{\376\377\000W\000y\000p\000e\001\102\000n\000i\000e\000n\000i\000e\000\040\000b\000r\000a\000k\000u\000j\001\005\000c\000y\000c\000h\000\040\000w\000a\000r\000t\000o\001\133\000c\000i}{section.5.3}% 56
\BOOKMARK [2][-]{subsection.5.3.2}{\376\377\000S\000t\000a\000n\000d\000a\000r\000y\000z\000a\000c\000j\000a}{section.5.3}% 57
\BOOKMARK [2][-]{subsection.5.3.3}{\376\377\000K\000o\000d\000o\000w\000a\000n\000i\000e}{section.5.3}% 58
\BOOKMARK [2][-]{subsection.5.3.4}{\376\377\000I\000n\000d\000y\000w\000i\000d\000u\000a\000l\000n\000e\000\040\000p\000o\000d\000e\000j\001\133\000c\000i\000e}{section.5.3}% 59
\BOOKMARK [1][-]{section.5.4}{\376\377\001\132\000r\000e\000d\000n\000i\000e\000\040\000w\000y\000n\000i\000k\000i}{chapter.5}% 60
\BOOKMARK [2][-]{subsection.5.4.1}{\376\377\000W\000y\000p\000e\001\102\000n\000i\000e\000n\000i\000e\000\040\000b\000r\000a\000k\000u\000j\001\005\000c\000y\000c\000h\000\040\000w\000a\000r\000t\000o\001\133\000c\000i}{section.5.4}% 61
\BOOKMARK [2][-]{subsection.5.4.2}{\376\377\000S\000t\000a\000n\000d\000a\000r\000y\000z\000a\000c\000j\000a}{section.5.4}% 62
\BOOKMARK [2][-]{subsection.5.4.3}{\376\377\000K\000o\000d\000o\000w\000a\000n\000i\000e}{section.5.4}% 63
\BOOKMARK [2][-]{subsection.5.4.4}{\376\377\000I\000n\000d\000y\000w\000i\000d\000u\000a\000l\000n\000e\000\040\000p\000o\000d\000e\000j\001\133\000c\000i\000e}{section.5.4}% 64
\BOOKMARK [0][-]{chapter.6}{\376\377\000P\000o\000d\000s\000u\000m\000o\000w\000a\000n\000i\000e}{}% 65
\BOOKMARK [1][-]{section.6.1}{\376\377\000W\000y\000n\000i\000k\000i\000\040\000e\000k\000s\000p\000e\000r\000y\000m\000e\000n\000t\000\363\000w\000\040\000w\000z\000g\000l\001\031\000d\000e\000m\000\040\000h\000i\000p\000o\000t\000e\000z\000y}{chapter.6}% 66
\BOOKMARK [1][-]{section.6.2}{\376\377\000P\000o\000d\000e\000j\001\133\000c\000i\000e\000\040\000w\000\040\000p\000r\000z\000y\000g\000o\000t\000o\000w\000a\000n\000i\000u\000\040\000d\000a\000n\000y\000c\000h\000\040\000d\000a\000j\001\005\000c\000e\000\040\000n\000a\000j\000l\000e\000p\000s\000z\000e\000\040\000r\000e\000z\000u\000l\000t\000a\000t\000y}{chapter.6}% 67
\BOOKMARK [1][-]{section.6.3}{\376\377\000K\000o\000n\000k\000l\000u\000z\000j\000a}{chapter.6}% 68
